This is pdfTeX, Version 3.14159265-2.6-1.40.20 (MiKTeX 2.9.6960 64-bit) (preloaded format=pdflatex 2019.2.17)  9 APR 2019 12:18
entering extended mode
**C:/Users/Maximilian/Thesis/MaxHughesThesis.tex
(C:/Users/Maximilian/Thesis/MaxHughesThesis.tex
LaTeX2e <2018-12-01>
(C:/Users/Maximilian/Thesis\msuphddissertation.cls
Document Class: msuphddissertation 
("C:\Users\Maximilian\AppData\Local\Programs\MiKTeX 2.9\tex/latex/base\book.cls
"
Document Class: book 2018/09/03 v1.4i Standard LaTeX document class
("C:\Users\Maximilian\AppData\Local\Programs\MiKTeX 2.9\tex/latex/base\bk12.clo
"
File: bk12.clo 2018/09/03 v1.4i Standard LaTeX file (size option)
)
\c@part=\count80
\c@chapter=\count81
\c@section=\count82
\c@subsection=\count83
\c@subsubsection=\count84
\c@paragraph=\count85
\c@subparagraph=\count86
\c@figure=\count87
\c@table=\count88
\abovecaptionskip=\skip41
\belowcaptionskip=\skip42
\bibindent=\dimen102
)
("C:\Users\Maximilian\AppData\Local\Programs\MiKTeX 2.9\tex/latex/base\ifthen.s
ty"
Package: ifthen 2014/09/29 v1.1c Standard LaTeX ifthen package (DPC)
)
("C:\Users\Maximilian\AppData\Local\Programs\MiKTeX 2.9\tex/latex/setspace\sets
pace.sty"
Package: setspace 2011/12/19 v6.7a set line spacing
)
("C:\Users\Maximilian\AppData\Local\Programs\MiKTeX 2.9\tex/latex/tocloft\toclo
ft.sty"
Package: tocloft 2017/08/31 v2.3i parameterised ToC, etc., typesetting
Package tocloft Info: The document has chapter divisions on input line 51.
\cftparskip=\skip43
\cftbeforetoctitleskip=\skip44
\cftaftertoctitleskip=\skip45
\cftbeforepartskip=\skip46
\cftpartnumwidth=\skip47
\cftpartindent=\skip48
\cftbeforechapskip=\skip49
\cftchapindent=\skip50
\cftchapnumwidth=\skip51
\cftbeforesecskip=\skip52
\cftsecindent=\skip53
\cftsecnumwidth=\skip54
\cftbeforesubsecskip=\skip55
\cftsubsecindent=\skip56
\cftsubsecnumwidth=\skip57
\cftbeforesubsubsecskip=\skip58
\cftsubsubsecindent=\skip59
\cftsubsubsecnumwidth=\skip60
\cftbeforeparaskip=\skip61
\cftparaindent=\skip62
\cftparanumwidth=\skip63
\cftbeforesubparaskip=\skip64
\cftsubparaindent=\skip65
\cftsubparanumwidth=\skip66
\cftbeforeloftitleskip=\skip67
\cftafterloftitleskip=\skip68
\cftbeforefigskip=\skip69
\cftfigindent=\skip70
\cftfignumwidth=\skip71
\cftbeforelottitleskip=\skip72
\cftafterlottitleskip=\skip73
\cftbeforetabskip=\skip74
\cfttabindent=\skip75
\cfttabnumwidth=\skip76
\cftbeforesubfigskip=\skip77
\cftsubfigindent=\skip78
\cftsubfignumwidth=\skip79
\cftbeforesubtabskip=\skip80
\cftsubtabindent=\skip81
\cftsubtabnumwidth=\skip82
)
("C:\Users\Maximilian\AppData\Local\Programs\MiKTeX 2.9\tex/latex/subfig\subfig
.sty"
Package: subfig 2005/06/28 ver: 1.3 subfig package

("C:\Users\Maximilian\AppData\Local\Programs\MiKTeX 2.9\tex/latex/graphics\keyv
al.sty"
Package: keyval 2014/10/28 v1.15 key=value parser (DPC)
\KV@toks@=\toks14
)
("C:\Users\Maximilian\AppData\Local\Programs\MiKTeX 2.9\tex/latex/caption\capti
on.sty"
Package: caption 2018/10/06 v3.3-154 Customizing captions (AR)

("C:\Users\Maximilian\AppData\Local\Programs\MiKTeX 2.9\tex/latex/caption\capti
on3.sty"
Package: caption3 2018/09/12 v1.8c caption3 kernel (AR)
Package caption3 Info: TeX engine: e-TeX on input line 64.
\captionmargin=\dimen103
\captionmargin@=\dimen104
\captionwidth=\dimen105
\caption@tempdima=\dimen106
\caption@indent=\dimen107
\caption@parindent=\dimen108
\caption@hangindent=\dimen109
)
\c@caption@flags=\count89
\c@ContinuedFloat=\count90
)
\c@KVtest=\count91
\sf@farskip=\skip83
\sf@captopadj=\dimen110
\sf@capskip=\skip84
\sf@nearskip=\skip85
\c@subfigure=\count92
\c@subfigure@save=\count93
\c@lofdepth=\count94
\c@subtable=\count95
\c@subtable@save=\count96
\c@lotdepth=\count97
\sf@top=\skip86
\sf@bottom=\skip87
)
("C:\Users\Maximilian\AppData\Local\Programs\MiKTeX 2.9\tex/latex/geometry\geom
etry.sty"
Package: geometry 2018/04/16 v5.8 Page Geometry

("C:\Users\Maximilian\AppData\Local\Programs\MiKTeX 2.9\tex/generic/oberdiek\if
pdf.sty"
Package: ifpdf 2018/09/07 v3.3 Provides the ifpdf switch
)
("C:\Users\Maximilian\AppData\Local\Programs\MiKTeX 2.9\tex/generic/oberdiek\if
vtex.sty"
Package: ifvtex 2016/05/16 v1.6 Detect VTeX and its facilities (HO)
Package ifvtex Info: VTeX not detected.
)
("C:\Users\Maximilian\AppData\Local\Programs\MiKTeX 2.9\tex/generic/ifxetex\ifx
etex.sty"
Package: ifxetex 2010/09/12 v0.6 Provides ifxetex conditional
)
\Gm@cnth=\count98
\Gm@cntv=\count99
\c@Gm@tempcnt=\count100
\Gm@bindingoffset=\dimen111
\Gm@wd@mp=\dimen112
\Gm@odd@mp=\dimen113
\Gm@even@mp=\dimen114
\Gm@layoutwidth=\dimen115
\Gm@layoutheight=\dimen116
\Gm@layouthoffset=\dimen117
\Gm@layoutvoffset=\dimen118
\Gm@dimlist=\toks15

("C:\Users\Maximilian\AppData\Local\Programs\MiKTeX 2.9\tex/latex/geometry\geom
etry.cfg"))
("C:\Users\Maximilian\AppData\Local\Programs\MiKTeX 2.9\tex/latex/oberdiek\pdfl
scape.sty"
Package: pdflscape 2016/05/14 v0.11 Display of landscape pages in PDF (HO)

("C:\Users\Maximilian\AppData\Local\Programs\MiKTeX 2.9\tex/latex/graphics\lsca
pe.sty"
Package: lscape 2000/10/22 v3.01 Landscape Pages (DPC)

("C:\Users\Maximilian\AppData\Local\Programs\MiKTeX 2.9\tex/latex/graphics\grap
hics.sty"
Package: graphics 2017/06/25 v1.2c Standard LaTeX Graphics (DPC,SPQR)

("C:\Users\Maximilian\AppData\Local\Programs\MiKTeX 2.9\tex/latex/graphics\trig
.sty"
Package: trig 2016/01/03 v1.10 sin cos tan (DPC)
)
("C:\Users\Maximilian\AppData\Local\Programs\MiKTeX 2.9\tex/latex/graphics-cfg\
graphics.cfg"
File: graphics.cfg 2016/06/04 v1.11 sample graphics configuration
)
Package graphics Info: Driver file: pdftex.def on input line 99.

("C:\Users\Maximilian\AppData\Local\Programs\MiKTeX 2.9\tex/latex/graphics-def\
pdftex.def"
File: pdftex.def 2018/01/08 v1.0l Graphics/color driver for pdftex
)))
Package pdflscape Info: Auto-detected driver: pdftex on input line 81.
)
\c@pubabs=\count101
)
("C:\Users\Maximilian\AppData\Local\Programs\MiKTeX 2.9\tex/latex/subfiles\subf
iles.sty"
Package: subfiles 2018/07/31 Federico Garcia, Gernot Salzer

("C:\Users\Maximilian\AppData\Local\Programs\MiKTeX 2.9\tex/latex/tools\verbati
m.sty"
Package: verbatim 2014/10/28 v1.5q LaTeX2e package for verbatim enhancements
\every@verbatim=\toks16
\verbatim@line=\toks17
\verbatim@in@stream=\read1
))
("C:\Users\Maximilian\AppData\Local\Programs\MiKTeX 2.9\tex/latex/graphics\grap
hicx.sty"
Package: graphicx 2017/06/01 v1.1a Enhanced LaTeX Graphics (DPC,SPQR)
\Gin@req@height=\dimen119
\Gin@req@width=\dimen120
)
("C:\Users\Maximilian\AppData\Local\Programs\MiKTeX 2.9\tex/latex/tools\xr.sty"
Package: xr 2019/01/05 v5.04 eXternal References (DPC)
)
("C:\Users\Maximilian\AppData\Local\Programs\MiKTeX 2.9\tex/latex/amsmath\amsma
th.sty"
Package: amsmath 2018/12/01 v2.17b AMS math features
\@mathmargin=\skip88

For additional information on amsmath, use the `?' option.

("C:\Users\Maximilian\AppData\Local\Programs\MiKTeX 2.9\tex/latex/amsmath\amste
xt.sty"
Package: amstext 2000/06/29 v2.01 AMS text

("C:\Users\Maximilian\AppData\Local\Programs\MiKTeX 2.9\tex/latex/amsmath\amsge
n.sty"
File: amsgen.sty 1999/11/30 v2.0 generic functions
\@emptytoks=\toks18
\ex@=\dimen121
))
("C:\Users\Maximilian\AppData\Local\Programs\MiKTeX 2.9\tex/latex/amsmath\amsbs
y.sty"
Package: amsbsy 1999/11/29 v1.2d Bold Symbols
\pmbraise@=\dimen122
)
("C:\Users\Maximilian\AppData\Local\Programs\MiKTeX 2.9\tex/latex/amsmath\amsop
n.sty"
Package: amsopn 2016/03/08 v2.02 operator names
)
\inf@bad=\count102
LaTeX Info: Redefining \frac on input line 223.
\uproot@=\count103
\leftroot@=\count104
LaTeX Info: Redefining \overline on input line 385.
\classnum@=\count105
\DOTSCASE@=\count106
LaTeX Info: Redefining \ldots on input line 482.
LaTeX Info: Redefining \dots on input line 485.
LaTeX Info: Redefining \cdots on input line 606.
\Mathstrutbox@=\box27
\strutbox@=\box28
\big@size=\dimen123
LaTeX Font Info:    Redeclaring font encoding OML on input line 729.
LaTeX Font Info:    Redeclaring font encoding OMS on input line 730.
\macc@depth=\count107
\c@MaxMatrixCols=\count108
\dotsspace@=\muskip10
\c@parentequation=\count109
\dspbrk@lvl=\count110
\tag@help=\toks19
\row@=\count111
\column@=\count112
\maxfields@=\count113
\andhelp@=\toks20
\eqnshift@=\dimen124
\alignsep@=\dimen125
\tagshift@=\dimen126
\tagwidth@=\dimen127
\totwidth@=\dimen128
\lineht@=\dimen129
\@envbody=\toks21
\multlinegap=\skip89
\multlinetaggap=\skip90
\mathdisplay@stack=\toks22
LaTeX Info: Redefining \[ on input line 2844.
LaTeX Info: Redefining \] on input line 2845.
) (C:/Users/Maximilian/Thesis\MaxHughesThesis.aux

LaTeX Warning: Label `tab:vars' multiply defined.


LaTeX Warning: Label `eq:qval' multiply defined.


LaTeX Warning: Label `eq:cal' multiply defined.

)
\openout1 = `MaxHughesThesis.aux'.

LaTeX Font Info:    Checking defaults for OML/cmm/m/it on input line 44.
LaTeX Font Info:    ... okay on input line 44.
LaTeX Font Info:    Checking defaults for T1/cmr/m/n on input line 44.
LaTeX Font Info:    ... okay on input line 44.
LaTeX Font Info:    Checking defaults for OT1/cmr/m/n on input line 44.
LaTeX Font Info:    ... okay on input line 44.
LaTeX Font Info:    Checking defaults for OMS/cmsy/m/n on input line 44.
LaTeX Font Info:    ... okay on input line 44.
LaTeX Font Info:    Checking defaults for OMX/cmex/m/n on input line 44.
LaTeX Font Info:    ... okay on input line 44.
LaTeX Font Info:    Checking defaults for U/cmr/m/n on input line 44.
LaTeX Font Info:    ... okay on input line 44.
Package caption Info: Begin \AtBeginDocument code.
Package caption Info: subfig package v1.3 is loaded.
Package caption Info: End \AtBeginDocument code.

*geometry* driver: auto-detecting
*geometry* detected driver: pdftex
*geometry* verbose mode - [ preamble ] result:
* driver: pdftex
* paper: <default>
* layout: <same size as paper>
* layoutoffset:(h,v)=(0.0pt,0.0pt)
* modes: 
* h-part:(L,W,R)=(72.26999pt, 469.75502pt, 72.26999pt)
* v-part:(T,H,B)=(72.26999pt, 650.43001pt, 72.26999pt)
* \paperwidth=614.295pt
* \paperheight=794.96999pt
* \textwidth=469.75502pt
* \textheight=650.43001pt
* \oddsidemargin=0.0pt
* \evensidemargin=0.0pt
* \topmargin=-31.8738pt
* \headheight=12.0pt
* \headsep=19.8738pt
* \topskip=12.0pt
* \footskip=30.0pt
* \marginparwidth=47.0pt
* \marginparsep=7.0pt
* \columnsep=10.0pt
* \skip\footins=10.8pt plus 4.0pt minus 2.0pt
* \hoffset=0.0pt
* \voffset=0.0pt
* \mag=1000
* \@twocolumnfalse
* \@twosidefalse
* \@mparswitchfalse
* \@reversemarginfalse
* (1in=72.27pt=25.4mm, 1cm=28.453pt)


("C:\Users\Maximilian\AppData\Local\Programs\MiKTeX 2.9\tex/context/base\supp-p
df.mkii"
[Loading MPS to PDF converter (version 2006.09.02).]
\scratchcounter=\count114
\scratchdimen=\dimen130
\scratchbox=\box29
\nofMPsegments=\count115
\nofMParguments=\count116
\everyMPshowfont=\toks23
\MPscratchCnt=\count117
\MPscratchDim=\dimen131
\MPnumerator=\count118
\makeMPintoPDFobject=\count119
\everyMPtoPDFconversion=\toks24
)
("C:\Users\Maximilian\AppData\Local\Programs\MiKTeX 2.9\tex/latex/oberdiek\epst
opdf-base.sty"
Package: epstopdf-base 2016/05/15 v2.6 Base part for package epstopdf

("C:\Users\Maximilian\AppData\Local\Programs\MiKTeX 2.9\tex/generic/oberdiek\in
fwarerr.sty"
Package: infwarerr 2016/05/16 v1.4 Providing info/warning/error messages (HO)
)
("C:\Users\Maximilian\AppData\Local\Programs\MiKTeX 2.9\tex/latex/oberdiek\grfe
xt.sty"
Package: grfext 2016/05/16 v1.2 Manage graphics extensions (HO)

("C:\Users\Maximilian\AppData\Local\Programs\MiKTeX 2.9\tex/generic/oberdiek\kv
definekeys.sty"
Package: kvdefinekeys 2016/05/16 v1.4 Define keys (HO)

("C:\Users\Maximilian\AppData\Local\Programs\MiKTeX 2.9\tex/generic/oberdiek\lt
xcmds.sty"
Package: ltxcmds 2016/05/16 v1.23 LaTeX kernel commands for general use (HO)
)))
("C:\Users\Maximilian\AppData\Local\Programs\MiKTeX 2.9\tex/latex/oberdiek\kvop
tions.sty"
Package: kvoptions 2016/05/16 v3.12 Key value format for package options (HO)

("C:\Users\Maximilian\AppData\Local\Programs\MiKTeX 2.9\tex/generic/oberdiek\kv
setkeys.sty"
Package: kvsetkeys 2016/05/16 v1.17 Key value parser (HO)

("C:\Users\Maximilian\AppData\Local\Programs\MiKTeX 2.9\tex/generic/oberdiek\et
excmds.sty"
Package: etexcmds 2016/05/16 v1.6 Avoid name clashes with e-TeX commands (HO)

("C:\Users\Maximilian\AppData\Local\Programs\MiKTeX 2.9\tex/generic/oberdiek\if
luatex.sty"
Package: ifluatex 2016/05/16 v1.4 Provides the ifluatex switch (HO)
Package ifluatex Info: LuaTeX not detected.
))))
("C:\Users\Maximilian\AppData\Local\Programs\MiKTeX 2.9\tex/generic/oberdiek\pd
ftexcmds.sty"
Package: pdftexcmds 2018/09/10 v0.29 Utility functions of pdfTeX for LuaTeX (HO
)
Package pdftexcmds Info: LuaTeX not detected.
Package pdftexcmds Info: \pdf@primitive is available.
Package pdftexcmds Info: \pdf@ifprimitive is available.
Package pdftexcmds Info: \pdfdraftmode found.
)
Package epstopdf-base Info: Redefining graphics rule for `.eps' on input line 4
38.
Package grfext Info: Graphics extension search list:
(grfext)             [.pdf,.png,.jpg,.mps,.jpeg,.jbig2,.jb2,.PDF,.PNG,.JPG,.JPE
G,.JBIG2,.JB2,.eps]
(grfext)             \AppendGraphicsExtensions on input line 456.
) [1


{C:/Users/Maximilian/AppData/Local/MiKTeX/2.9/pdftex/config/pdftex.map}] [2] [3
] [4] (C:/Users/Maximilian/Thesis\MaxHughesThesis.toc
[5


])
\tf@toc=\write3
\openout3 = `MaxHughesThesis.toc'.

 [6] (C:/Users/Maximilian/Thesis\MaxHughesThesis.lot)
\tf@lot=\write4
\openout4 = `MaxHughesThesis.lot'.

 [7



]
(C:/Users/Maximilian/Thesis\MaxHughesThesis.lof [8



])
\tf@lof=\write5
\openout5 = `MaxHughesThesis.lof'.

 [9]
Chapter 1.
(C:/Users/Maximilian/Thesis\IntroChapter/Introduction.tex) [1


]
Chapter 2.
(C:/Users/Maximilian/Thesis\TheoryChapter/TheoryFactors.tex [2

]

LaTeX Warning: Citation `Hol74' on page 3 undefined on input line 36.

[3] [4]
! Extra alignment tab has been changed to \cr.
<recently read> \endtemplate 
                             
l.140 		\end{tabular}}
                      
? 
[5]
<Figures/RatioPlot_2.pdf, id=53, 794.97pt x 614.295pt>
File: Figures/RatioPlot_2.pdf Graphic file (type pdf)
<use Figures/RatioPlot_2.pdf>
Package pdftex.def Info: Figures/RatioPlot_2.pdf  used on input line 159.
(pdftex.def)             Requested size: 366.40834pt x 283.14153pt.
 [6] [7 <C:/Users/Maximilian/Thesis/Figures/RatioPlot_2.pdf, page is rotated 90
 degrees>] [8] [9]
<Figures/RadCorrections_20F.pdf, id=69, 794.97pt x 614.295pt>
File: Figures/RadCorrections_20F.pdf Graphic file (type pdf)
<use Figures/RadCorrections_20F.pdf>
Package pdftex.def Info: Figures/RadCorrections_20F.pdf  used on input line 273
.
(pdftex.def)             Requested size: 366.40834pt x 283.14153pt.
 [10 <C:/Users/Maximilian/Thesis/Figures/RadCorrections_20F.pdf, page is rotate
d 90 degrees>]
<Figures/RadCorrections_20F_Matching.pdf, id=77, 794.97pt x 614.295pt>
File: Figures/RadCorrections_20F_Matching.pdf Graphic file (type pdf)
<use Figures/RadCorrections_20F_Matching.pdf>
Package pdftex.def Info: Figures/RadCorrections_20F_Matching.pdf  used on input
 line 284.
(pdftex.def)             Requested size: 366.40834pt x 283.14153pt.
 [11 <C:/Users/Maximilian/Thesis/Figures/RadCorrections_20F_Matching.pdf, page 
is rotated 90 degrees>] [12] [13]

LaTeX Warning: Citation `WIL90' on page 14 undefined on input line 386.

[14]

LaTeX Warning: Citation `WIL90' on page 15 undefined on input line 413.


Overfull \hbox (121.31781pt too wide) detected at line 418
\OML/cmm/m/it/12 L[]\OT1/cmr/m/n/12 (\OML/cmm/m/it/12 Z; W\OT1/cmr/m/n/12 ) = 1
 + [] \OMS/cmsy/m/n/12   \OML/cmm/m/it/12 ZWR[] \OMS/cmsy/m/n/12   \OML/cmm/m/
it/12 ZR[] \OT1/cmr/m/n/12 + \OML/cmm/m/it/12 a[][] \OT1/cmr/m/n/12 + [] \OML
/cmm/m/it/12 a[]\OT1/cmr/m/n/12 (\OML/cmm/m/it/12 WR\OT1/cmr/m/n/12 )[] + 0\OML
/cmm/m/it/12 :\OT1/cmr/m/n/12 41(\OML/cmm/m/it/12 R \OMS/cmsy/m/n/12   \OT1/cmr
/m/n/12 0\OML/cmm/m/it/12 :\OT1/cmr/m/n/12 0164)(\OML/cmm/m/it/12 aZ\OT1/cmr/m/
n/12 )[]
 []


LaTeX Warning: Reference `tab:bcoef' on page 15 undefined on input line 426.


LaTeX Warning: Reference `tab:formfact' on page 15 undefined on input line 451.


[15]
Runaway argument?
{\textwidth {!}{ \begin {tabular}{lll} Form Factor & Name & Value \\ \ETC.
! Paragraph ended before \Gscale@@box was complete.
<to be read again> 
                   \par 
l.466 
      
? 

LaTeX Warning: Reference `eq:sfcs' on page 16 undefined on input line 473.


LaTeX Warning: Reference `eq:c1eq' on page 16 undefined on input line 489.

)
! Missing } inserted.
<inserted text> 
                }
l.131 \subfile{TheoryChapter/TheoryFactors.tex}
                                               
? 
[16]
Chapter 3.
(C:/Users/Maximilian/Thesis\20FChapter/20Description.tex
<Figures/20FDecayScheme.png, id=100, 289.08pt x 226.33395pt>
File: Figures/20FDecayScheme.png Graphic file (type png)
<use Figures/20FDecayScheme.png>
Package pdftex.def Info: Figures/20FDecayScheme.png  used on input line 5.
(pdftex.def)             Requested size: 366.40834pt x 286.89178pt.
 [17

 <C:/Users/Maximilian/Thesis/Figures/20FDecayScheme.png>]) [18]
Chapter 4.
(C:/Users/Maximilian/Thesis\ExperimentDesChapter/ExpDiscription.tex [19

]
[20] [21]
<Figures/PPACFitted.png, id=119, 700.6175pt x 475.7775pt>
File: Figures/PPACFitted.png Graphic file (type png)
<use Figures/PPACFitted.png>
Package pdftex.def Info: Figures/PPACFitted.png  used on input line 88.
(pdftex.def)             Requested size: 413.3867pt x 280.72806pt.
 [22] [23 <C:/Users/Maximilian/Thesis/Figures/PPACFitted.png>]
[24]
<Figures/fig_setup.pdf, id=130, 867.24pt x 505.89pt>
File: Figures/fig_setup.pdf Graphic file (type pdf)
<use Figures/fig_setup.pdf>
Package pdftex.def Info: Figures/fig_setup.pdf  used on input line 151.
(pdftex.def)             Requested size: 319.42996pt x 186.33496pt.
<Figures/fig_PVTSetupPicture.png, id=131, 304.9794pt x 228.3732pt>
File: Figures/fig_PVTSetupPicture.png Graphic file (type png)
<use Figures/fig_PVTSetupPicture.png>
Package pdftex.def Info: Figures/fig_PVTSetupPicture.png  used on input line 16
5.
(pdftex.def)             Requested size: 272.45877pt x 204.0251pt.
<Figures/fig_CsISetupPicture.png, id=132, 305.71358pt x 228.28143pt>
File: Figures/fig_CsISetupPicture.png Graphic file (type png)
<use Figures/fig_CsISetupPicture.png>
Package pdftex.def Info: Figures/fig_CsISetupPicture.png  used on input line 17
7.
(pdftex.def)             Requested size: 272.45877pt x 203.46591pt.
 [25 <C:/Users/Maximilian/Thesis/Figures/fig_setup.pdf>] [26 <C:/Users/Maximili
an/Thesis/Figures/fig_PVTSetupPicture.png> <C:/Users/Maximilian/Thesis/Figures/
fig_CsISetupPicture.png>]

Package caption Warning: \label without proper reference on input line 225.
See the caption package documentation for explanation.


LaTeX Warning: Reference `tab:detvolt' on page 27 undefined on input line 208.

[27] [28]) [29]
Chapter 5.
(C:/Users/Maximilian/Thesis\DataProcessing/DataProcessChapter.tex [30

] [31]
[32] [33]) [34] [35]
Chapter 6.
(C:/Users/Maximilian/Thesis\HalfLifeChapter/HalfLifeSection.tex
<Figures/fig_ideogramBefore.png, id=177, 852.18375pt x 403.5075pt>
File: Figures/fig_ideogramBefore.png Graphic file (type png)
<use Figures/fig_ideogramBefore.png>
Package pdftex.def Info: Figures/fig_ideogramBefore.png  used on input line 17.

(pdftex.def)             Requested size: 366.40834pt x 173.49869pt.
 [36

 <C:/Users/Maximilian/Thesis/Figures/fig_ideogramBefore.png>]
<Figures/CsILBCvHL.png, id=182, 436.905pt x 259.515pt>
File: Figures/CsILBCvHL.png Graphic file (type png)
<use Figures/CsILBCvHL.png>
Package pdftex.def Info: Figures/CsILBCvHL.png  used on input line 49.
(pdftex.def)             Requested size: 366.40834pt x 217.6545pt.
 [37 <C:/Users/Maximilian/Thesis/Figures/CsILBCvHL.png>]
<Figures/fig_pulserVsTime.pdf, id=187, 569.12625pt x 386.44376pt>
File: Figures/fig_pulserVsTime.pdf Graphic file (type pdf)
<use Figures/fig_pulserVsTime.pdf>
Package pdftex.def Info: Figures/fig_pulserVsTime.pdf  used on input line 96.
(pdftex.def)             Requested size: 366.40834pt x 248.80911pt.
 [38]
<Figures/fig_2Dh.pdf, id=191, 569.12625pt x 386.44376pt>
File: Figures/fig_2Dh.pdf Graphic file (type pdf)
<use Figures/fig_2Dh.pdf>
Package pdftex.def Info: Figures/fig_2Dh.pdf  used on input line 111.
(pdftex.def)             Requested size: 366.40834pt x 248.80911pt.
<Figures/fig_betaSpec.pdf, id=192, 569.12625pt x 305.14pt>
File: Figures/fig_betaSpec.pdf Graphic file (type pdf)
<use Figures/fig_betaSpec.pdf>
Package pdftex.def Info: Figures/fig_betaSpec.pdf  used on input line 117.
(pdftex.def)             Requested size: 366.40834pt x 196.46225pt.
<Figures/fig_gammaSpec.pdf, id=193, 569.12625pt x 305.14pt>
File: Figures/fig_gammaSpec.pdf Graphic file (type pdf)
<use Figures/fig_gammaSpec.pdf>
Package pdftex.def Info: Figures/fig_gammaSpec.pdf  used on input line 125.
(pdftex.def)             Requested size: 366.40834pt x 196.46225pt.
 [39 <C:/Users/Maximilian/Thesis/Figures/fig_pulserVsTime.pdf, page is rotated 
90 degrees>] [40 <C:/Users/Maximilian/Thesis/Figures/fig_2Dh.pdf, page is rotat
ed 90 degrees> <C:/Users/Maximilian/Thesis/Figures/fig_betaSpec.pdf, page is ro
tated 90 degrees>]
<Figures/fig_tbgSpec1.pdf, id=330, 569.12625pt x 305.14pt>
File: Figures/fig_tbgSpec1.pdf Graphic file (type pdf)
<use Figures/fig_tbgSpec1.pdf>
Package pdftex.def Info: Figures/fig_tbgSpec1.pdf  used on input line 145.
(pdftex.def)             Requested size: 413.3867pt x 221.6515pt.
<Figures/PileUpSketch.png, id=331, 307.1475pt x 353.19049pt>
File: Figures/PileUpSketch.png Graphic file (type png)
<use Figures/PileUpSketch.png>
Package pdftex.def Info: Figures/PileUpSketch.png  used on input line 167.
(pdftex.def)             Requested size: 413.3867pt x 475.38538pt.
<Figures/fig_tbgSpec2.pdf, id=332, 569.12625pt x 305.14pt>
File: Figures/fig_tbgSpec2.pdf Graphic file (type pdf)
<use Figures/fig_tbgSpec2.pdf>
Package pdftex.def Info: Figures/fig_tbgSpec2.pdf  used on input line 183.
(pdftex.def)             Requested size: 413.3867pt x 221.6515pt.
 [41 <C:/Users/Maximilian/Thesis/Figures/fig_gammaSpec.pdf, page is rotated 90 
degrees>] [42 <C:/Users/Maximilian/Thesis/Figures/fig_tbgSpec1.pdf, page is rot
ated 90 degrees>] [43 <C:/Users/Maximilian/Thesis/Figures/PileUpSketch.png>] [4
4 <C:/Users/Maximilian/Thesis/Figures/fig_tbgSpec2.pdf, page is rotated 90 degr
ees>]
<Figures/fig_decaySpec.pdf, id=475, 794.97pt x 614.295pt>
File: Figures/fig_decaySpec.pdf Graphic file (type pdf)
<use Figures/fig_decaySpec.pdf>
Package pdftex.def Info: Figures/fig_decaySpec.pdf  used on input line 238.
(pdftex.def)             Requested size: 413.3867pt x 319.44461pt.
 [45 <C:/Users/Maximilian/Thesis/Figures/fig_decaySpec.pdf, page is rotated 90 
degrees>] [46]
<Figures/fig_hlVsWtbg.png, id=491, 757.8714pt x 391.2216pt>
File: Figures/fig_hlVsWtbg.png Graphic file (type png)
<use Figures/fig_hlVsWtbg.png>
Package pdftex.def Info: Figures/fig_hlVsWtbg.png  used on input line 281.
(pdftex.def)             Requested size: 413.3867pt x 213.39958pt.
 [47 <C:/Users/Maximilian/Thesis/Figures/fig_hlVsWtbg.png>] [48] [49] [50]
<Figures/fig_halfLives.pdf, id=505, 794.97pt x 614.295pt>
File: Figures/fig_halfLives.pdf Graphic file (type pdf)
<use Figures/fig_halfLives.pdf>
Package pdftex.def Info: Figures/fig_halfLives.pdf  used on input line 387.
(pdftex.def)             Requested size: 413.3867pt x 319.44461pt.
 [51]
<Figures/fig_ideogramAfter.png, id=509, 851.43094pt x 405.76593pt>
File: Figures/fig_ideogramAfter.png Graphic file (type png)
<use Figures/fig_ideogramAfter.png>
Package pdftex.def Info: Figures/fig_ideogramAfter.png  used on input line 444.

(pdftex.def)             Requested size: 413.3867pt x 197.00674pt.
 [52 <C:/Users/Maximilian/Thesis/Figures/fig_halfLives.pdf, page is rotated 90 
degrees>])
[53 <C:/Users/Maximilian/Thesis/Figures/fig_ideogramAfter.png>]
Chapter 7.
(C:/Users/Maximilian/Thesis\Geant4Chapter/Geant4Chapter.tex
Package xr Info: IMPORTING LABELS FROM MaxHughesThesis.aux on input line 1.


! LaTeX Error: Can be used only in preamble.

See the LaTeX manual or LaTeX Companion for explanation.
Type  H <return>  for immediate help.
 ...                                              
                                                  
l.1 \externaldocument[I-]{MaxHughesThesis}
                                          
? 

! LaTeX Error: Can be used only in preamble.

See the LaTeX manual or LaTeX Companion for explanation.
Type  H <return>  for immediate help.
 ...                                              
                                                  
l.1 \externaldocument[I-]{MaxHughesThesis}
                                          
? 

! LaTeX Error: Can be used only in preamble.

See the LaTeX manual or LaTeX Companion for explanation.
Type  H <return>  for immediate help.
 ...                                              
                                                  
l.1 \externaldocument[I-]{MaxHughesThesis}
                                          
? 

! LaTeX Error: Can be used only in preamble.

See the LaTeX manual or LaTeX Companion for explanation.
Type  H <return>  for immediate help.
 ...                                              
                                                  
l.1 \externaldocument[I-]{MaxHughesThesis}
                                          
? 

! LaTeX Error: Can be used only in preamble.

See the LaTeX manual or LaTeX Companion for explanation.
Type  H <return>  for immediate help.
 ...                                              
                                                  
l.1 \externaldocument[I-]{MaxHughesThesis}
                                          
? 
! Missing $ inserted.
<inserted text> 
                $
l.1 \externaldocument[I-]{MaxHughesThesis}
                                          
? 
! Extra }, or forgotten $.
<argument> \newlabel {\XR@prefix eq:phase_space}
                                                {{2.4}{3}}
l.1 \externaldocument[I-]{MaxHughesThesis}
                                          
? 

! LaTeX Error: Can be used only in preamble.

See the LaTeX manual or LaTeX Companion for explanation.
Type  H <return>  for immediate help.
 ...                                              
                                                  
l.1 \externaldocument[I-]{MaxHughesThesis}
                                          
? 

! LaTeX Error: Can be used only in preamble.

See the LaTeX manual or LaTeX Companion for explanation.
Type  H <return>  for immediate help.
 ...                                              
                                                  
l.1 \externaldocument[I-]{MaxHughesThesis}
                                          
? 

! LaTeX Error: Can be used only in preamble.

See the LaTeX manual or LaTeX Companion for explanation.
Type  H <return>  for immediate help.
 ...                                              
                                                  
l.1 \externaldocument[I-]{MaxHughesThesis}
                                          
? 

! LaTeX Error: Can be used only in preamble.

See the LaTeX manual or LaTeX Companion for explanation.
Type  H <return>  for immediate help.
 ...                                              
                                                  
l.1 \externaldocument[I-]{MaxHughesThesis}
                                          
? 

! LaTeX Error: Can be used only in preamble.

See the LaTeX manual or LaTeX Companion for explanation.
Type  H <return>  for immediate help.
 ...                                              
                                                  
l.1 \externaldocument[I-]{MaxHughesThesis}
                                          
? 

! LaTeX Error: Can be used only in preamble.

See the LaTeX manual or LaTeX Companion for explanation.
Type  H <return>  for immediate help.
 ...                                              
                                                  
l.1 \externaldocument[I-]{MaxHughesThesis}
                                          
? 

! LaTeX Error: Can be used only in preamble.

See the LaTeX manual or LaTeX Companion for explanation.
Type  H <return>  for immediate help.
 ...                                              
                                                  
l.1 \externaldocument[I-]{MaxHughesThesis}
                                          
? 

! LaTeX Error: Can be used only in preamble.

See the LaTeX manual or LaTeX Companion for explanation.
Type  H <return>  for immediate help.
 ...                                              
                                                  
l.1 \externaldocument[I-]{MaxHughesThesis}
                                          
? 

! LaTeX Error: Can be used only in preamble.

See the LaTeX manual or LaTeX Companion for explanation.
Type  H <return>  for immediate help.
 ...                                              
                                                  
l.1 \externaldocument[I-]{MaxHughesThesis}
                                          
? 

! LaTeX Error: Can be used only in preamble.

See the LaTeX manual or LaTeX Companion for explanation.
Type  H <return>  for immediate help.
 ...                                              
                                                  
l.1 \externaldocument[I-]{MaxHughesThesis}
                                          
? 

! LaTeX Error: Can be used only in preamble.

See the LaTeX manual or LaTeX Companion for explanation.
Type  H <return>  for immediate help.
 ...                                              
                                                  
l.1 \externaldocument[I-]{MaxHughesThesis}
                                          
? 

! LaTeX Error: Can be used only in preamble.

See the LaTeX manual or LaTeX Companion for explanation.
Type  H <return>  for immediate help.
 ...                                              
                                                  
l.1 \externaldocument[I-]{MaxHughesThesis}
                                          
? 

! LaTeX Error: Can be used only in preamble.

See the LaTeX manual or LaTeX Companion for explanation.
Type  H <return>  for immediate help.
 ...                                              
                                                  
l.1 \externaldocument[I-]{MaxHughesThesis}
                                          
? 

! LaTeX Error: Can be used only in preamble.

See the LaTeX manual or LaTeX Companion for explanation.
Type  H <return>  for immediate help.
 ...                                              
                                                  
l.1 \externaldocument[I-]{MaxHughesThesis}
                                          
? 

! LaTeX Error: Can be used only in preamble.

See the LaTeX manual or LaTeX Companion for explanation.
Type  H <return>  for immediate help.
 ...                                              
                                                  
l.1 \externaldocument[I-]{MaxHughesThesis}
                                          
? 

! LaTeX Error: Can be used only in preamble.

See the LaTeX manual or LaTeX Companion for explanation.
Type  H <return>  for immediate help.
 ...                                              
                                                  
l.1 \externaldocument[I-]{MaxHughesThesis}
                                          
? 

! LaTeX Error: Can be used only in preamble.

See the LaTeX manual or LaTeX Companion for explanation.
Type  H <return>  for immediate help.
 ...                                              
                                                  
l.1 \externaldocument[I-]{MaxHughesThesis}
                                          
? 

! LaTeX Error: Can be used only in preamble.

See the LaTeX manual or LaTeX Companion for explanation.
Type  H <return>  for immediate help.
 ...                                              
                                                  
l.1 \externaldocument[I-]{MaxHughesThesis}
                                          
? 

! LaTeX Error: Can be used only in preamble.

See the LaTeX manual or LaTeX Companion for explanation.
Type  H <return>  for immediate help.
 ...                                              
                                                  
l.1 \externaldocument[I-]{MaxHughesThesis}
                                          
? 

! LaTeX Error: Can be used only in preamble.

See the LaTeX manual or LaTeX Companion for explanation.
Type  H <return>  for immediate help.
 ...                                              
                                                  
l.1 \externaldocument[I-]{MaxHughesThesis}
                                          
? 

! LaTeX Error: Can be used only in preamble.

See the LaTeX manual or LaTeX Companion for explanation.
Type  H <return>  for immediate help.
 ...                                              
                                                  
l.1 \externaldocument[I-]{MaxHughesThesis}
                                          
? 

! LaTeX Error: Can be used only in preamble.

See the LaTeX manual or LaTeX Companion for explanation.
Type  H <return>  for immediate help.
 ...                                              
                                                  
l.1 \externaldocument[I-]{MaxHughesThesis}
                                          
? 

! LaTeX Error: Can be used only in preamble.

See the LaTeX manual or LaTeX Companion for explanation.
Type  H <return>  for immediate help.
 ...                                              
                                                  
l.1 \externaldocument[I-]{MaxHughesThesis}
                                          
? H
Your command was ignored.
Type  I <command> <return>  to replace it with another command,
or  <return>  to continue without it.
? 

! LaTeX Error: Can be used only in preamble.

See the LaTeX manual or LaTeX Companion for explanation.
Type  H <return>  for immediate help.
 ...                                              
                                                  
l.1 \externaldocument[I-]{MaxHughesThesis}
                                          
? 

! LaTeX Error: Can be used only in preamble.

See the LaTeX manual or LaTeX Companion for explanation.
Type  H <return>  for immediate help.
 ...                                              
                                                  
l.1 \externaldocument[I-]{MaxHughesThesis}
                                          
? 

! LaTeX Error: Can be used only in preamble.

See the LaTeX manual or LaTeX Companion for explanation.
Type  H <return>  for immediate help.
 ...                                              
                                                  
l.1 \externaldocument[I-]{MaxHughesThesis}
                                          
? 

! LaTeX Error: Can be used only in preamble.

See the LaTeX manual or LaTeX Companion for explanation.
Type  H <return>  for immediate help.
 ...                                              
                                                  
l.1 \externaldocument[I-]{MaxHughesThesis}
                                          
? 

! LaTeX Error: Can be used only in preamble.

See the LaTeX manual or LaTeX Companion for explanation.
Type  H <return>  for immediate help.
 ...                                              
                                                  
l.1 \externaldocument[I-]{MaxHughesThesis}
                                          
? 

! LaTeX Error: Can be used only in preamble.

See the LaTeX manual or LaTeX Companion for explanation.
Type  H <return>  for immediate help.
 ...                                              
                                                  
l.1 \externaldocument[I-]{MaxHughesThesis}
                                          
? 

! LaTeX Error: Can be used only in preamble.

See the LaTeX manual or LaTeX Companion for explanation.
Type  H <return>  for immediate help.
 ...                                              
                                                  
l.1 \externaldocument[I-]{MaxHughesThesis}
                                          
? X
 
Here is how much of TeX's memory you used:
 4526 strings out of 492946
 73038 string characters out of 3124046
 143908 words of memory out of 3000000
 8305 multiletter control sequences out of 15000+200000
 10783 words of font info for 39 fonts, out of 3000000 for 9000
 1141 hyphenation exceptions out of 8191
 51i,17n,44p,674b,426s stack positions out of 5000i,500n,10000p,200000b,50000s
<C:/Users/Maximilian/AppData/Local/Programs/MiKTeX 2.9/fonts/type1/public/amsfo
nts/cm/cmbx12.pfb><C:/Users/Maximilian/AppData/Local/Programs/MiKTeX 2.9/fonts/
type1/public/amsfonts/cm/cmex10.pfb><C:/Users/Maximilian/AppData/Local/Programs
/MiKTeX 2.9/fonts/type1/public/amsfonts/cm/cmmi10.pfb><C:/Users/Maximilian/AppD
ata/Local/Programs/MiKTeX 2.9/fonts/type1/public/amsfonts/cm/cmmi12.pfb><C:/Use
rs/Maximilian/AppData/Local/Programs/MiKTeX 2.9/fonts/type1/public/amsfonts/cm/
cmr10.pfb><C:/Users/Maximilian/AppData/Local/Programs/MiKTeX 2.9/fonts/type1/pu
blic/amsfonts/cm/cmr12.pfb><C:/Users/Maximilian/AppData/Local/Programs/MiKTeX 2
.9/fonts/type1/public/amsfonts/cm/cmr17.pfb><C:/Users/Maximilian/AppData/Local/
Programs/MiKTeX 2.9/fonts/type1/public/amsfonts/cm/cmsy10.pfb>
Output written on MaxHughesThesis.pdf (62 pages, 2436947 bytes).
PDF statistics:
 549 PDF objects out of 1000 (max. 8388607)
 0 named destinations out of 1000 (max. 500000)
 106 words of extra memory for PDF output out of 10000 (max. 10000000)

